2020-09-28 14:59 INFO  MainPage:30 - Initialisation of the label element
2020-09-28 14:59 INFO  IFrame:35 - Initialisation of the textBox on the main page
2020-09-28 14:59 INFO  IFrame:37 - Delete all text from textBox on the main page
2020-09-28 14:59 INFO  IFrame:42 - Initialisation of the textBox on the main page
2020-09-28 14:59 INFO  IFrame:44 - Click on the textBox on the main page
2020-09-28 14:59 INFO  IFrame:46 - Creating random text
2020-09-28 14:59 INFO  IFrame:49 - Initialisation of the frame on the main page
2020-09-28 14:59 INFO  IFrame:51 - Switch to frame
2020-09-28 14:59 INFO  IFrame:53 - Send text: Z yWq whvD nJWREEllGGxHRIOGLxU
2020-09-28 14:59 INFO  IFrame:55 - Switch to default view
2020-09-28 14:59 INFO  IFrame:62 - Initialisation of the boldButton on the main page
2020-09-28 14:59 INFO  IFrame:64 - Initialisation of the textBox on the main page
2020-09-28 14:59 INFO  IFrame:67 - Select all text on the textBox
2020-09-28 14:59 INFO  IFrame:69 - Click on the boldButton
2020-09-28 14:59 INFO  IFrame:71 - Click on the textBox
2020-09-28 14:59 INFO  IFrame:29 - Initialisation of the label elements list
2020-09-28 15:02 INFO  MainPage:30 - Initialisation of the label element
2020-09-28 15:02 INFO  IFrame:35 - Initialisation of the textBox on the main page
2020-09-28 15:02 INFO  IFrame:37 - Delete all text from textBox on the main page
2020-09-28 15:02 INFO  IFrame:42 - Initialisation of the textBox on the main page
2020-09-28 15:02 INFO  IFrame:44 - Click on the textBox on the main page
2020-09-28 15:02 INFO  IFrame:46 - Creating random text
2020-09-28 15:02 INFO  IFrame:49 - Initialisation of the frame on the main page
2020-09-28 15:02 INFO  IFrame:51 - Switch to frame
2020-09-28 15:02 INFO  IFrame:53 - Send text:  VKV R KCbsgfs GemXkcypjfJzyKG
2020-09-28 15:02 INFO  IFrame:55 - Switch to default view
2020-09-28 15:02 INFO  IFrame:62 - Initialisation of the boldButton on the main page
2020-09-28 15:02 INFO  IFrame:64 - Initialisation of the textBox on the main page
2020-09-28 15:02 INFO  IFrame:67 - Select all text on the textBox
2020-09-28 15:02 INFO  IFrame:69 - Click on the boldButton
2020-09-28 15:02 INFO  IFrame:71 - Click on the textBox
2020-09-28 15:02 INFO  IFrame:29 - Initialisation of the label elements list
